This file contains any messages produced by compilers while
running configure, to aid debugging if configure makes a mistake.

It was created by GNU OpenMP Runtime Library configure 1.0, which was
generated by GNU Autoconf 2.64.  Invocation command line was

  $ ../configure --disable-multilib --no-create --no-recursion

## --------- ##
## Platform. ##
## --------- ##

hostname = ironforge
uname -m = x86_64
uname -r = 4.4.0-66-generic
uname -s = Linux
uname -v = #87-Ubuntu SMP Fri Mar 3 15:29:05 UTC 2017

/usr/bin/uname -p = unknown
/bin/uname -X     = unknown

/bin/arch              = unknown
/usr/bin/arch -k       = unknown
/usr/convex/getsysinfo = unknown
/usr/bin/hostinfo      = unknown
/bin/machine           = unknown
/usr/bin/oslevel       = unknown
/bin/universe          = unknown

PATH: /home/ppenna/bin
PATH: /home/ppenna/.local/bin
PATH: /usr/local/sbin
PATH: /usr/local/bin
PATH: /usr/sbin
PATH: /usr/bin
PATH: /sbin
PATH: /bin
PATH: /snap/bin
PATH: /usr/local/cross/bin


## ----------- ##
## Core tests. ##
## ----------- ##

configure:2550: checking for --enable-version-specific-runtime-libs
configure:2565: result: no
configure:2573: checking for --enable-generated-files-in-srcdir
configure:2588: result: no
configure:2645: checking build system type
configure:2659: result: x86_64-unknown-linux-gnu
configure:2679: checking host system type
configure:2692: result: x86_64-unknown-linux-gnu
configure:2712: checking target system type
configure:2725: result: x86_64-unknown-linux-gnu
configure:2782: checking for a BSD-compatible install
configure:2850: result: /usr/bin/install -c
configure:2861: checking whether build environment is sane
configure:2911: result: yes
configure:3052: checking for a thread-safe mkdir -p
configure:3091: result: /bin/mkdir -p
configure:3104: checking for gawk
configure:3120: found /usr/bin/gawk
configure:3131: result: gawk
configure:3142: checking whether make sets $(MAKE)
configure:3164: result: yes
configure:3368: checking for gcc
configure:3384: found /usr/bin/gcc
configure:3395: result: gcc
configure:3624: checking for C compiler version
configure:3633: gcc --version >&5
gcc (Ubuntu 5.4.0-6ubuntu1~16.04.4) 5.4.0 20160609
Copyright (C) 2015 Free Software Foundation, Inc.
This is free software; see the source for copying conditions.  There is NO
warranty; not even for MERCHANTABILITY or FITNESS FOR A PARTICULAR PURPOSE.

configure:3644: $? = 0
configure:3633: gcc -v >&5
Using built-in specs.
COLLECT_GCC=gcc
COLLECT_LTO_WRAPPER=/usr/lib/gcc/x86_64-linux-gnu/5/lto-wrapper
Target: x86_64-linux-gnu
Configured with: ../src/configure -v --with-pkgversion='Ubuntu 5.4.0-6ubuntu1~16.04.4' --with-bugurl=file:///usr/share/doc/gcc-5/README.Bugs --enable-languages=c,ada,c++,java,go,d,fortran,objc,obj-c++ --prefix=/usr --program-suffix=-5 --enable-shared --enable-linker-build-id --libexecdir=/usr/lib --without-included-gettext --enable-threads=posix --libdir=/usr/lib --enable-nls --with-sysroot=/ --enable-clocale=gnu --enable-libstdcxx-debug --enable-libstdcxx-time=yes --with-default-libstdcxx-abi=new --enable-gnu-unique-object --disable-vtable-verify --enable-libmpx --enable-plugin --with-system-zlib --disable-browser-plugin --enable-java-awt=gtk --enable-gtk-cairo --with-java-home=/usr/lib/jvm/java-1.5.0-gcj-5-amd64/jre --enable-java-home --with-jvm-root-dir=/usr/lib/jvm/java-1.5.0-gcj-5-amd64 --with-jvm-jar-dir=/usr/lib/jvm-exports/java-1.5.0-gcj-5-amd64 --with-arch-directory=amd64 --with-ecj-jar=/usr/share/java/eclipse-ecj.jar --enable-objc-gc --enable-multiarch --disable-werror --with-arch-32=i686 --with-abi=m64 --with-multilib-list=m32,m64,mx32 --enable-multilib --with-tune=generic --enable-checking=release --build=x86_64-linux-gnu --host=x86_64-linux-gnu --target=x86_64-linux-gnu
Thread model: posix
gcc version 5.4.0 20160609 (Ubuntu 5.4.0-6ubuntu1~16.04.4) 
configure:3644: $? = 0
configure:3633: gcc -V >&5
gcc: error: unrecognized command line option '-V'
gcc: fatal error: no input files
compilation terminated.
configure:3644: $? = 1
configure:3633: gcc -qversion >&5
gcc: error: unrecognized command line option '-qversion'
gcc: fatal error: no input files
compilation terminated.
configure:3644: $? = 1
configure:3664: checking for C compiler default output file name
configure:3686: gcc    conftest.c  >&5
configure:3690: $? = 0
configure:3727: result: a.out
configure:3743: checking whether the C compiler works
configure:3752: ./a.out
configure:3756: $? = 0
configure:3771: result: yes
configure:3778: checking whether we are cross compiling
configure:3780: result: no
configure:3783: checking for suffix of executables
configure:3790: gcc -o conftest    conftest.c  >&5
configure:3794: $? = 0
configure:3816: result: 
configure:3822: checking for suffix of object files
configure:3844: gcc -c   conftest.c >&5
configure:3848: $? = 0
configure:3869: result: o
configure:3873: checking whether we are using the GNU C compiler
configure:3892: gcc -c   conftest.c >&5
configure:3892: $? = 0
configure:3901: result: yes
configure:3910: checking whether gcc accepts -g
configure:3930: gcc -c -g  conftest.c >&5
configure:3930: $? = 0
configure:3971: result: yes
configure:3988: checking for gcc option to accept ISO C89
configure:4052: gcc  -c -g -O2  conftest.c >&5
configure:4052: $? = 0
configure:4065: result: none needed
configure:4096: checking for style of include used by make
configure:4124: result: GNU
configure:4149: checking dependency style of gcc
configure:4259: result: gcc3
configure:4332: checking for ar
configure:4348: found /usr/bin/ar
configure:4359: result: ar
configure:4424: checking for ranlib
configure:4440: found /usr/bin/ranlib
configure:4451: result: ranlib
configure:4475: checking for perl
configure:4493: found /usr/bin/perl
configure:4506: result: /usr/bin/perl
configure:4514: checking whether make sets $(MAKE)
configure:4536: result: yes
configure:4552: checking for makeinfo
configure:4579: result: ${SHELL} /home/ppenna/Documents/Projects/libgomp/src/missing --run makeinfo
configure:4589: checking for modern makeinfo
configure:4604: result: yes
configure:4670: checking how to print strings
configure:4697: result: printf
configure:4718: checking for a sed that does not truncate output
configure:4782: result: /bin/sed
configure:4800: checking for grep that handles long lines and -e
configure:4858: result: /bin/grep
configure:4863: checking for egrep
configure:4925: result: /bin/grep -E
configure:4930: checking for fgrep
configure:4992: result: /bin/grep -F
configure:5027: checking for ld used by gcc
configure:5094: result: /usr/bin/ld
configure:5101: checking if the linker (/usr/bin/ld) is GNU ld
configure:5116: result: yes
configure:5128: checking for BSD- or MS-compatible name lister (nm)
configure:5177: result: /usr/bin/nm -B
configure:5307: checking the name lister (/usr/bin/nm -B) interface
configure:5314: gcc -c -g -O2  conftest.c >&5
configure:5317: /usr/bin/nm -B "conftest.o"
configure:5320: output
0000000000000000 B some_variable
configure:5327: result: BSD nm
configure:5330: checking whether ln -s works
configure:5334: result: yes
configure:5342: checking the maximum length of command line arguments
configure:5467: result: 1572864
configure:5484: checking whether the shell understands some XSI constructs
configure:5494: result: yes
configure:5498: checking whether the shell understands "+="
configure:5504: result: yes
configure:5539: checking for /usr/bin/ld option to reload object files
configure:5546: result: -r
configure:5615: checking for objdump
configure:5631: found /usr/bin/objdump
configure:5642: result: objdump
configure:5674: checking how to recognize dependent libraries
configure:5875: result: pass_all
configure:5935: checking for ar
configure:5962: result: ar
configure:6040: checking for strip
configure:6056: found /usr/bin/strip
configure:6067: result: strip
configure:6139: checking for ranlib
configure:6166: result: ranlib
configure:6268: checking command to parse /usr/bin/nm -B output from gcc object
configure:6386: gcc -c -g -O2  conftest.c >&5
configure:6389: $? = 0
configure:6393: /usr/bin/nm -B conftest.o \| sed -n -e 's/^.*[ ]\([ABCDGIRSTW][ABCDGIRSTW]*\)[ ][ ]*\([_A-Za-z][_A-Za-z0-9]*\)$/\1 \2 \2/p' \> conftest.nm
configure:6396: $? = 0
configure:6450: gcc -o conftest -g -O2   conftest.c conftstm.o >&5
configure:6453: $? = 0
configure:6491: result: ok
configure:6587: gcc -c -g -O2  conftest.c >&5
configure:6590: $? = 0
configure:7343: checking how to run the C preprocessor
configure:7374: gcc -E  conftest.c
configure:7374: $? = 0
configure:7388: gcc -E  conftest.c
conftest.c:11:28: fatal error: ac_nonexistent.h: No such file or directory
compilation terminated.
configure:7388: $? = 1
configure: failed program was:
| /* confdefs.h */
| #define PACKAGE_NAME "GNU OpenMP Runtime Library"
| #define PACKAGE_TARNAME "libgomp"
| #define PACKAGE_VERSION "1.0"
| #define PACKAGE_STRING "GNU OpenMP Runtime Library 1.0"
| #define PACKAGE_BUGREPORT ""
| #define PACKAGE_URL "http://www.gnu.org/software/libgomp/"
| #define PACKAGE "libgomp"
| #define VERSION "1.0"
| /* end confdefs.h.  */
| #include <ac_nonexistent.h>
configure:7413: result: gcc -E
configure:7433: gcc -E  conftest.c
configure:7433: $? = 0
configure:7447: gcc -E  conftest.c
conftest.c:11:28: fatal error: ac_nonexistent.h: No such file or directory
compilation terminated.
configure:7447: $? = 1
configure: failed program was:
| /* confdefs.h */
| #define PACKAGE_NAME "GNU OpenMP Runtime Library"
| #define PACKAGE_TARNAME "libgomp"
| #define PACKAGE_VERSION "1.0"
| #define PACKAGE_STRING "GNU OpenMP Runtime Library 1.0"
| #define PACKAGE_BUGREPORT ""
| #define PACKAGE_URL "http://www.gnu.org/software/libgomp/"
| #define PACKAGE "libgomp"
| #define VERSION "1.0"
| /* end confdefs.h.  */
| #include <ac_nonexistent.h>
configure:7476: checking for ANSI C header files
configure:7496: gcc -c -g -O2  conftest.c >&5
configure:7496: $? = 0
configure:7569: gcc -o conftest -g -O2   conftest.c  >&5
configure:7569: $? = 0
configure:7569: ./conftest
configure:7569: $? = 0
configure:7580: result: yes
configure:7593: checking for sys/types.h
configure:7593: gcc -c -g -O2  conftest.c >&5
configure:7593: $? = 0
configure:7593: result: yes
configure:7593: checking for sys/stat.h
configure:7593: gcc -c -g -O2  conftest.c >&5
configure:7593: $? = 0
configure:7593: result: yes
configure:7593: checking for stdlib.h
configure:7593: gcc -c -g -O2  conftest.c >&5
configure:7593: $? = 0
configure:7593: result: yes
configure:7593: checking for string.h
configure:7593: gcc -c -g -O2  conftest.c >&5
configure:7593: $? = 0
configure:7593: result: yes
configure:7593: checking for memory.h
configure:7593: gcc -c -g -O2  conftest.c >&5
configure:7593: $? = 0
configure:7593: result: yes
configure:7593: checking for strings.h
configure:7593: gcc -c -g -O2  conftest.c >&5
configure:7593: $? = 0
configure:7593: result: yes
configure:7593: checking for inttypes.h
configure:7593: gcc -c -g -O2  conftest.c >&5
configure:7593: $? = 0
configure:7593: result: yes
configure:7593: checking for stdint.h
configure:7593: gcc -c -g -O2  conftest.c >&5
configure:7593: $? = 0
configure:7593: result: yes
configure:7593: checking for unistd.h
configure:7593: gcc -c -g -O2  conftest.c >&5
configure:7593: $? = 0
configure:7593: result: yes
configure:7608: checking for dlfcn.h
configure:7608: gcc -c -g -O2  conftest.c >&5
configure:7608: $? = 0
configure:7608: result: yes
configure:7795: checking for objdir
configure:7810: result: .libs
configure:8081: checking if gcc supports -fno-rtti -fno-exceptions
configure:8099: gcc -c -g -O2  -fno-rtti -fno-exceptions conftest.c >&5
cc1: warning: command line option '-fno-rtti' is valid for C++/ObjC++ but not for C
configure:8103: $? = 0
configure:8116: result: no
configure:8136: checking for gcc option to produce PIC
configure:8422: result: -fPIC -DPIC
configure:8434: checking if gcc PIC flag -fPIC -DPIC works
configure:8452: gcc -c -g -O2  -fPIC -DPIC -DPIC conftest.c >&5
configure:8456: $? = 0
configure:8469: result: yes
configure:8493: checking if gcc static flag -static works
configure:8521: result: yes
configure:8536: checking if gcc supports -c -o file.o
configure:8557: gcc -c -g -O2  -o out/conftest2.o conftest.c >&5
configure:8561: $? = 0
configure:8583: result: yes
configure:8591: checking if gcc supports -c -o file.o
configure:8638: result: yes
configure:8671: checking whether the gcc linker (/usr/bin/ld -m elf_x86_64) supports shared libraries
configure:9742: result: yes
configure:9779: checking whether -lc should be explicitly linked in
configure:9787: gcc -c -g -O2  conftest.c >&5
configure:9790: $? = 0
configure:9805: gcc -shared conftest.o  -v -Wl,-soname -Wl,conftest -o conftest 2\>\&1 \| /bin/grep  -lc  \>/dev/null 2\>\&1
configure:9808: $? = 0
configure:9822: result: no
configure:9987: checking dynamic linker characteristics
configure:10438: gcc -o conftest -g -O2   -Wl,-rpath -Wl,/foo conftest.c  >&5
configure:10438: $? = 0
configure:10660: result: GNU/Linux ld.so
configure:10767: checking how to hardcode library paths into programs
configure:10792: result: immediate
configure:11332: checking whether stripping libraries is possible
configure:11337: result: yes
configure:11372: checking if libtool supports shared libraries
configure:11374: result: yes
configure:11377: checking whether to build shared libraries
configure:11398: result: yes
configure:11401: checking whether to build static libraries
configure:11405: result: yes
configure:11466: checking whether to enable maintainer-specific portions of Makefiles
configure:11475: result: no
configure:11613: checking for Fortran compiler version
configure:11622: no --version >&5
../configure: line 11624: no: command not found
configure:11633: $? = 127
configure:11622: no -v >&5
../configure: line 11624: no: command not found
configure:11633: $? = 127
configure:11622: no -V >&5
../configure: line 11624: no: command not found
configure:11633: $? = 127
configure:11622: no -qversion >&5
../configure: line 11624: no: command not found
configure:11633: $? = 127
configure:11642: checking whether we are using the GNU Fortran compiler
configure:11655: no -c  -L.  conftest.F >&5
../configure: line 1801: no: command not found
configure:11655: $? = 127
configure: failed program was:
|       program main
| #ifndef __GNUC__
|        choke me
| #endif
| 
|       end
configure:11664: result: no
configure:11670: checking whether no accepts -g
configure:11681: no -c -g  conftest.f >&5
../configure: line 1801: no: command not found
configure:11681: $? = 127
configure: failed program was:
|       program main
| 
|       end
configure:11689: result: no
configure:14411: checking for ANSI C header files
configure:14515: result: yes
configure:14523: checking whether time.h and sys/time.h may both be included
configure:14543: gcc -c -g -O2  conftest.c >&5
configure:14543: $? = 0
configure:14550: result: yes
configure:14558: checking whether string.h and strings.h may both be included
configure:14575: gcc -c -g -O2  conftest.c >&5
configure:14575: $? = 0
configure:14582: result: yes
configure:14593: checking for unistd.h
configure:14593: result: yes
configure:14593: checking semaphore.h usability
configure:14593: gcc -c -g -O2  conftest.c >&5
configure:14593: $? = 0
configure:14593: result: yes
configure:14593: checking semaphore.h presence
configure:14593: gcc -E  conftest.c
configure:14593: $? = 0
configure:14593: result: yes
configure:14593: checking for semaphore.h
configure:14593: result: yes
configure:14593: checking sys/loadavg.h usability
configure:14593: gcc -c -g -O2  conftest.c >&5
conftest.c:61:25: fatal error: sys/loadavg.h: No such file or directory
compilation terminated.
configure:14593: $? = 1
configure: failed program was:
| /* confdefs.h */
| #define PACKAGE_NAME "GNU OpenMP Runtime Library"
| #define PACKAGE_TARNAME "libgomp"
| #define PACKAGE_VERSION "1.0"
| #define PACKAGE_STRING "GNU OpenMP Runtime Library 1.0"
| #define PACKAGE_BUGREPORT ""
| #define PACKAGE_URL "http://www.gnu.org/software/libgomp/"
| #define PACKAGE "libgomp"
| #define VERSION "1.0"
| #define STDC_HEADERS 1
| #define HAVE_SYS_TYPES_H 1
| #define HAVE_SYS_STAT_H 1
| #define HAVE_STDLIB_H 1
| #define HAVE_STRING_H 1
| #define HAVE_MEMORY_H 1
| #define HAVE_STRINGS_H 1
| #define HAVE_INTTYPES_H 1
| #define HAVE_STDINT_H 1
| #define HAVE_UNISTD_H 1
| #define HAVE_DLFCN_H 1
| #define LT_OBJDIR ".libs/"
| #define STDC_HEADERS 1
| #define TIME_WITH_SYS_TIME 1
| #define STRING_WITH_STRINGS 1
| #define HAVE_UNISTD_H 1
| #define HAVE_SEMAPHORE_H 1
| /* end confdefs.h.  */
| #include <stdio.h>
| #ifdef HAVE_SYS_TYPES_H
| # include <sys/types.h>
| #endif
| #ifdef HAVE_SYS_STAT_H
| # include <sys/stat.h>
| #endif
| #ifdef STDC_HEADERS
| # include <stdlib.h>
| # include <stddef.h>
| #else
| # ifdef HAVE_STDLIB_H
| #  include <stdlib.h>
| # endif
| #endif
| #ifdef HAVE_STRING_H
| # if !defined STDC_HEADERS && defined HAVE_MEMORY_H
| #  include <memory.h>
| # endif
| # include <string.h>
| #endif
| #ifdef HAVE_STRINGS_H
| # include <strings.h>
| #endif
| #ifdef HAVE_INTTYPES_H
| # include <inttypes.h>
| #endif
| #ifdef HAVE_STDINT_H
| # include <stdint.h>
| #endif
| #ifdef HAVE_UNISTD_H
| # include <unistd.h>
| #endif
| #include <sys/loadavg.h>
configure:14593: result: no
configure:14593: checking sys/loadavg.h presence
configure:14593: gcc -E  conftest.c
conftest.c:28:25: fatal error: sys/loadavg.h: No such file or directory
compilation terminated.
configure:14593: $? = 1
configure: failed program was:
| /* confdefs.h */
| #define PACKAGE_NAME "GNU OpenMP Runtime Library"
| #define PACKAGE_TARNAME "libgomp"
| #define PACKAGE_VERSION "1.0"
| #define PACKAGE_STRING "GNU OpenMP Runtime Library 1.0"
| #define PACKAGE_BUGREPORT ""
| #define PACKAGE_URL "http://www.gnu.org/software/libgomp/"
| #define PACKAGE "libgomp"
| #define VERSION "1.0"
| #define STDC_HEADERS 1
| #define HAVE_SYS_TYPES_H 1
| #define HAVE_SYS_STAT_H 1
| #define HAVE_STDLIB_H 1
| #define HAVE_STRING_H 1
| #define HAVE_MEMORY_H 1
| #define HAVE_STRINGS_H 1
| #define HAVE_INTTYPES_H 1
| #define HAVE_STDINT_H 1
| #define HAVE_UNISTD_H 1
| #define HAVE_DLFCN_H 1
| #define LT_OBJDIR ".libs/"
| #define STDC_HEADERS 1
| #define TIME_WITH_SYS_TIME 1
| #define STRING_WITH_STRINGS 1
| #define HAVE_UNISTD_H 1
| #define HAVE_SEMAPHORE_H 1
| /* end confdefs.h.  */
| #include <sys/loadavg.h>
configure:14593: result: no
configure:14593: checking for sys/loadavg.h
configure:14593: result: no
configure:14593: checking sys/time.h usability
configure:14593: gcc -c -g -O2  conftest.c >&5
configure:14593: $? = 0
configure:14593: result: yes
configure:14593: checking sys/time.h presence
configure:14593: gcc -E  conftest.c
configure:14593: $? = 0
configure:14593: result: yes
configure:14593: checking for sys/time.h
configure:14593: result: yes
configure:14593: checking for sys/time.h
configure:14593: result: yes
configure:14618: checking for uintmax_t
configure:14618: gcc -c -g -O2  conftest.c >&5
configure:14618: $? = 0
configure:14618: gcc -c -g -O2  conftest.c >&5
conftest.c: In function 'main':
conftest.c:36:24: error: expected expression before ')' token
 if (sizeof ((uintmax_t)))
                        ^
configure:14618: $? = 1
configure: failed program was:
| /* confdefs.h */
| #define PACKAGE_NAME "GNU OpenMP Runtime Library"
| #define PACKAGE_TARNAME "libgomp"
| #define PACKAGE_VERSION "1.0"
| #define PACKAGE_STRING "GNU OpenMP Runtime Library 1.0"
| #define PACKAGE_BUGREPORT ""
| #define PACKAGE_URL "http://www.gnu.org/software/libgomp/"
| #define PACKAGE "libgomp"
| #define VERSION "1.0"
| #define STDC_HEADERS 1
| #define HAVE_SYS_TYPES_H 1
| #define HAVE_SYS_STAT_H 1
| #define HAVE_STDLIB_H 1
| #define HAVE_STRING_H 1
| #define HAVE_MEMORY_H 1
| #define HAVE_STRINGS_H 1
| #define HAVE_INTTYPES_H 1
| #define HAVE_STDINT_H 1
| #define HAVE_UNISTD_H 1
| #define HAVE_DLFCN_H 1
| #define LT_OBJDIR ".libs/"
| #define STDC_HEADERS 1
| #define TIME_WITH_SYS_TIME 1
| #define STRING_WITH_STRINGS 1
| #define HAVE_UNISTD_H 1
| #define HAVE_SEMAPHORE_H 1
| #define HAVE_SYS_TIME_H 1
| #define HAVE_SYS_TIME_H 1
| /* end confdefs.h.  */
| #include <sys/types.h>
| #include <stdint.h>
| 
| int
| main ()
| {
| if (sizeof ((uintmax_t)))
| 	    return 0;
|   ;
|   return 0;
| }
configure:14618: result: yes
configure:14627: checking for uintptr_t
configure:14627: gcc -c -g -O2  conftest.c >&5
configure:14627: $? = 0
configure:14627: gcc -c -g -O2  conftest.c >&5
conftest.c: In function 'main':
conftest.c:36:24: error: expected expression before ')' token
 if (sizeof ((uintptr_t)))
                        ^
configure:14627: $? = 1
configure: failed program was:
| /* confdefs.h */
| #define PACKAGE_NAME "GNU OpenMP Runtime Library"
| #define PACKAGE_TARNAME "libgomp"
| #define PACKAGE_VERSION "1.0"
| #define PACKAGE_STRING "GNU OpenMP Runtime Library 1.0"
| #define PACKAGE_BUGREPORT ""
| #define PACKAGE_URL "http://www.gnu.org/software/libgomp/"
| #define PACKAGE "libgomp"
| #define VERSION "1.0"
| #define STDC_HEADERS 1
| #define HAVE_SYS_TYPES_H 1
| #define HAVE_SYS_STAT_H 1
| #define HAVE_STDLIB_H 1
| #define HAVE_STRING_H 1
| #define HAVE_MEMORY_H 1
| #define HAVE_STRINGS_H 1
| #define HAVE_INTTYPES_H 1
| #define HAVE_STDINT_H 1
| #define HAVE_UNISTD_H 1
| #define HAVE_DLFCN_H 1
| #define LT_OBJDIR ".libs/"
| #define STDC_HEADERS 1
| #define TIME_WITH_SYS_TIME 1
| #define STRING_WITH_STRINGS 1
| #define HAVE_UNISTD_H 1
| #define HAVE_SEMAPHORE_H 1
| #define HAVE_SYS_TIME_H 1
| #define HAVE_SYS_TIME_H 1
| /* end confdefs.h.  */
| #include <sys/types.h>
| #include <stdint.h>
| 
| int
| main ()
| {
| if (sizeof ((uintptr_t)))
| 	    return 0;
|   ;
|   return 0;
| }
configure:14627: result: yes
configure:14636: checking for int_least32_t
configure:14636: gcc -c -g -O2  conftest.c >&5
configure:14636: $? = 0
configure:14636: gcc -c -g -O2  conftest.c >&5
conftest.c: In function 'main':
conftest.c:36:28: error: expected expression before ')' token
 if (sizeof ((int_least32_t)))
                            ^
configure:14636: $? = 1
configure: failed program was:
| /* confdefs.h */
| #define PACKAGE_NAME "GNU OpenMP Runtime Library"
| #define PACKAGE_TARNAME "libgomp"
| #define PACKAGE_VERSION "1.0"
| #define PACKAGE_STRING "GNU OpenMP Runtime Library 1.0"
| #define PACKAGE_BUGREPORT ""
| #define PACKAGE_URL "http://www.gnu.org/software/libgomp/"
| #define PACKAGE "libgomp"
| #define VERSION "1.0"
| #define STDC_HEADERS 1
| #define HAVE_SYS_TYPES_H 1
| #define HAVE_SYS_STAT_H 1
| #define HAVE_STDLIB_H 1
| #define HAVE_STRING_H 1
| #define HAVE_MEMORY_H 1
| #define HAVE_STRINGS_H 1
| #define HAVE_INTTYPES_H 1
| #define HAVE_STDINT_H 1
| #define HAVE_UNISTD_H 1
| #define HAVE_DLFCN_H 1
| #define LT_OBJDIR ".libs/"
| #define STDC_HEADERS 1
| #define TIME_WITH_SYS_TIME 1
| #define STRING_WITH_STRINGS 1
| #define HAVE_UNISTD_H 1
| #define HAVE_SEMAPHORE_H 1
| #define HAVE_SYS_TIME_H 1
| #define HAVE_SYS_TIME_H 1
| /* end confdefs.h.  */
| #include <sys/types.h>
| #include <stdint.h>
| 
| int
| main ()
| {
| if (sizeof ((int_least32_t)))
| 	    return 0;
|   ;
|   return 0;
| }
configure:14636: result: yes
configure:14645: checking for int_fast32_t
configure:14645: gcc -c -g -O2  conftest.c >&5
configure:14645: $? = 0
configure:14645: gcc -c -g -O2  conftest.c >&5
conftest.c: In function 'main':
conftest.c:36:27: error: expected expression before ')' token
 if (sizeof ((int_fast32_t)))
                           ^
configure:14645: $? = 1
configure: failed program was:
| /* confdefs.h */
| #define PACKAGE_NAME "GNU OpenMP Runtime Library"
| #define PACKAGE_TARNAME "libgomp"
| #define PACKAGE_VERSION "1.0"
| #define PACKAGE_STRING "GNU OpenMP Runtime Library 1.0"
| #define PACKAGE_BUGREPORT ""
| #define PACKAGE_URL "http://www.gnu.org/software/libgomp/"
| #define PACKAGE "libgomp"
| #define VERSION "1.0"
| #define STDC_HEADERS 1
| #define HAVE_SYS_TYPES_H 1
| #define HAVE_SYS_STAT_H 1
| #define HAVE_STDLIB_H 1
| #define HAVE_STRING_H 1
| #define HAVE_MEMORY_H 1
| #define HAVE_STRINGS_H 1
| #define HAVE_INTTYPES_H 1
| #define HAVE_STDINT_H 1
| #define HAVE_UNISTD_H 1
| #define HAVE_DLFCN_H 1
| #define LT_OBJDIR ".libs/"
| #define STDC_HEADERS 1
| #define TIME_WITH_SYS_TIME 1
| #define STRING_WITH_STRINGS 1
| #define HAVE_UNISTD_H 1
| #define HAVE_SEMAPHORE_H 1
| #define HAVE_SYS_TIME_H 1
| #define HAVE_SYS_TIME_H 1
| /* end confdefs.h.  */
| #include <sys/types.h>
| #include <stdint.h>
| 
| int
| main ()
| {
| if (sizeof ((int_fast32_t)))
| 	    return 0;
|   ;
|   return 0;
| }
configure:14645: result: yes
configure:14654: checking for uint64_t
configure:14654: gcc -c -g -O2  conftest.c >&5
configure:14654: $? = 0
configure:14654: gcc -c -g -O2  conftest.c >&5
conftest.c: In function 'main':
conftest.c:36:23: error: expected expression before ')' token
 if (sizeof ((uint64_t)))
                       ^
configure:14654: $? = 1
configure: failed program was:
| /* confdefs.h */
| #define PACKAGE_NAME "GNU OpenMP Runtime Library"
| #define PACKAGE_TARNAME "libgomp"
| #define PACKAGE_VERSION "1.0"
| #define PACKAGE_STRING "GNU OpenMP Runtime Library 1.0"
| #define PACKAGE_BUGREPORT ""
| #define PACKAGE_URL "http://www.gnu.org/software/libgomp/"
| #define PACKAGE "libgomp"
| #define VERSION "1.0"
| #define STDC_HEADERS 1
| #define HAVE_SYS_TYPES_H 1
| #define HAVE_SYS_STAT_H 1
| #define HAVE_STDLIB_H 1
| #define HAVE_STRING_H 1
| #define HAVE_MEMORY_H 1
| #define HAVE_STRINGS_H 1
| #define HAVE_INTTYPES_H 1
| #define HAVE_STDINT_H 1
| #define HAVE_UNISTD_H 1
| #define HAVE_DLFCN_H 1
| #define LT_OBJDIR ".libs/"
| #define STDC_HEADERS 1
| #define TIME_WITH_SYS_TIME 1
| #define STRING_WITH_STRINGS 1
| #define HAVE_UNISTD_H 1
| #define HAVE_SEMAPHORE_H 1
| #define HAVE_SYS_TIME_H 1
| #define HAVE_SYS_TIME_H 1
| /* end confdefs.h.  */
| #include <sys/types.h>
| #include <stdint.h>
| 
| int
| main ()
| {
| if (sizeof ((uint64_t)))
| 	    return 0;
|   ;
|   return 0;
| }
configure:14654: result: yes
configure:14735: checking what to include in gstdint.h
configure:14763: result: stdint.h (already complete)
configure:15028: gcc -o conftest -g -O2 -pthread   conftest.c  >&5
configure:15028: $? = 0
configure:15059: checking for getloadavg
configure:15059: gcc -o conftest -g -O2 -pthread   conftest.c  >&5
configure:15059: $? = 0
configure:15059: result: yes
configure:15059: checking for clock_gettime
configure:15059: gcc -o conftest -g -O2 -pthread   conftest.c  >&5
configure:15059: $? = 0
configure:15059: result: yes
configure:15059: checking for strtoull
configure:15059: gcc -o conftest -g -O2 -pthread   conftest.c  >&5
configure:15059: $? = 0
configure:15059: result: yes
configure:15116: gcc -o conftest -g -O2 -pthread   conftest.c  >&5
conftest.c: In function 'main':
conftest.c:38:1: warning: implicit declaration of function 'syscall' [-Wimplicit-function-declaration]
 syscall (SYS_gettid); syscall (SYS_futex, &lk, 0, 0, 0);
 ^
configure:15116: $? = 0
configure:15134: gcc -o conftest -g -O2 -pthread   conftest.c -lpthread  >&5
configure:15134: $? = 0
configure:15210: gcc -o conftest -g -O2 -pthread   conftest.c  >&5
configure:15210: $? = 0
configure:15282: checking whether the target supports thread-local storage
configure:15337: gcc -o conftest -g -O2 -pthread   conftest.c  >&5
configure:15337: $? = 0
configure:15337: ./conftest
configure:15337: $? = 0
configure:15344: gcc -o conftest -g -O2 -pthread  -static  conftest.c  >&5
configure:15344: $? = 0
configure:15355: gcc -o conftest -g -O2 -pthread  -static  conftest.c  >&5
configure:15355: $? = 0
configure:15355: ./conftest
configure:15355: $? = 0
configure:15387: gcc -o conftest  -g -O2 -pthread   conftest.c  >&5
configure:15387: $? = 0
configure:15433: gcc -o conftest  -g -O2 -pthread   conftest.c  >&5
configure:15433: $? = 0
configure:15433: ./conftest
configure:15433: $? = 0
configure:15453: result: yes
configure:15463: checking whether the target supports hidden visibility
configure:15482: gcc -c -g -O2 -pthread -Werror  conftest.c >&5
configure:15482: $? = 0
configure:15490: result: yes
configure:15498: checking whether the target supports dllexport
configure:15517: gcc -c -g -O2 -pthread -Werror  conftest.c >&5
conftest.c:36:1: error: 'dllexport' attribute directive ignored [-Werror=attributes]
 void __attribute__((dllexport)) foo(void) { }
 ^
cc1: all warnings being treated as errors
configure:15517: $? = 1
configure: failed program was:
| /* confdefs.h */
| #define PACKAGE_NAME "GNU OpenMP Runtime Library"
| #define PACKAGE_TARNAME "libgomp"
| #define PACKAGE_VERSION "1.0"
| #define PACKAGE_STRING "GNU OpenMP Runtime Library 1.0"
| #define PACKAGE_BUGREPORT ""
| #define PACKAGE_URL "http://www.gnu.org/software/libgomp/"
| #define PACKAGE "libgomp"
| #define VERSION "1.0"
| #define STDC_HEADERS 1
| #define HAVE_SYS_TYPES_H 1
| #define HAVE_SYS_STAT_H 1
| #define HAVE_STDLIB_H 1
| #define HAVE_STRING_H 1
| #define HAVE_MEMORY_H 1
| #define HAVE_STRINGS_H 1
| #define HAVE_INTTYPES_H 1
| #define HAVE_STDINT_H 1
| #define HAVE_UNISTD_H 1
| #define HAVE_DLFCN_H 1
| #define LT_OBJDIR ".libs/"
| #define STDC_HEADERS 1
| #define TIME_WITH_SYS_TIME 1
| #define STRING_WITH_STRINGS 1
| #define HAVE_UNISTD_H 1
| #define HAVE_SEMAPHORE_H 1
| #define HAVE_SYS_TIME_H 1
| #define HAVE_SYS_TIME_H 1
| #define HAVE_GETLOADAVG 1
| #define HAVE_CLOCK_GETTIME 1
| #define HAVE_STRTOULL 1
| #define HAVE_PTHREAD_AFFINITY_NP 1
| #define HAVE_TLS 1
| #define HAVE_ATTRIBUTE_VISIBILITY 1
| /* end confdefs.h.  */
| void __attribute__((dllexport)) foo(void) { }
| int
| main ()
| {
| 
|   ;
|   return 0;
| }
configure:15525: result: no
configure:15533: checking whether the target supports symbol aliases
configure:15552: gcc -o conftest -g -O2 -pthread   conftest.c  >&5
configure:15552: $? = 0
configure:15560: result: yes
configure:15579: checking for ld used by gcc
configure:15646: result: /usr/bin/ld
configure:15653: checking if the linker (/usr/bin/ld) is GNU ld
configure:15668: result: yes
configure:15838: checking for shared libgcc
configure:15853: gcc -o conftest  -lgcc_s   conftest.c  >&5
configure:15853: $? = 0
configure:15891: result: yes
configure:15946: checking whether the target supports .symver directive
configure:15963: gcc -c -g -O2 -pthread  conftest.c >&5
configure:15963: $? = 0
configure:15970: result: yes
configure:16002: versioning on shared library symbols is gnu
configure:16034: checking whether the target supports __sync_*_compare_and_swap
configure:16051: gcc -o conftest -g -O2 -pthread  -Wall -Werror -ftls-model=initial-exec   conftest.c  >&5
configure:16051: $? = 0
configure:16059: result: yes
configure:16188: gcc -o conftest -g -O2 -pthread -include confdefs.h -include ../config/linux/omp-lock.h   conftest.c  >&5
configure:16188: $? = 0
configure:16188: ./conftest
configure:16188: $? = 0
configure:16195: gcc -o conftest -g -O2 -pthread -include confdefs.h -include ../config/linux/omp-lock.h   conftest.c  >&5
configure:16195: $? = 0
configure:16195: ./conftest
configure:16195: $? = 0
configure:16200: gcc -o conftest -g -O2 -pthread -include confdefs.h -include ../config/linux/omp-lock.h   conftest.c  >&5
configure:16200: $? = 0
configure:16200: ./conftest
configure:16200: $? = 0
configure:16205: gcc -o conftest -g -O2 -pthread -include confdefs.h -include ../config/linux/omp-lock.h   conftest.c  >&5
configure:16205: $? = 0
configure:16205: ./conftest
configure:16205: $? = 0
configure:16210: gcc -o conftest -g -O2 -pthread -include confdefs.h -include ../config/linux/omp-lock.h   conftest.c  >&5
configure:16210: $? = 0
configure:16210: ./conftest
configure:16210: $? = 0
configure:16217: gcc -o conftest -g -O2 -pthread -include confdefs.h -include ../config/linux/omp-lock.h   conftest.c  >&5
configure:16217: $? = 0
configure:16217: ./conftest
configure:16217: $? = 0
configure:16222: gcc -o conftest -g -O2 -pthread -include confdefs.h -include ../config/linux/omp-lock.h   conftest.c  >&5
configure:16222: $? = 0
configure:16222: ./conftest
configure:16222: $? = 0
configure:16227: gcc -o conftest -g -O2 -pthread -include confdefs.h -include ../config/linux/omp-lock.h   conftest.c  >&5
configure:16227: $? = 0
configure:16227: ./conftest
configure:16227: $? = 0
configure:16419: creating ./config.status

## ---------------- ##
## Cache variables. ##
## ---------------- ##

ac_cv_build=x86_64-unknown-linux-gnu
ac_cv_c_compiler_gnu=yes
ac_cv_env_CPPFLAGS_set=
ac_cv_env_CPPFLAGS_value=
ac_cv_env_CPP_set=
ac_cv_env_CPP_value=
ac_cv_env_FCFLAGS_set=
ac_cv_env_FCFLAGS_value=
ac_cv_env_FC_set=
ac_cv_env_FC_value=
ac_cv_env_LDFLAGS_set=
ac_cv_env_LDFLAGS_value=
ac_cv_env_LIBS_set=
ac_cv_env_LIBS_value=
ac_cv_env_build_alias_set=
ac_cv_env_build_alias_value=
ac_cv_env_host_alias_set=
ac_cv_env_host_alias_value=
ac_cv_env_target_alias_set=
ac_cv_env_target_alias_value=
ac_cv_fc_compiler_gnu=no
ac_cv_func_clock_gettime=yes
ac_cv_func_getloadavg=yes
ac_cv_func_strtoull=yes
ac_cv_header_dlfcn_h=yes
ac_cv_header_inttypes_h=yes
ac_cv_header_memory_h=yes
ac_cv_header_semaphore_h=yes
ac_cv_header_stdc=yes
ac_cv_header_stdint_h=yes
ac_cv_header_stdlib_h=yes
ac_cv_header_string_h=yes
ac_cv_header_strings_h=yes
ac_cv_header_sys_loadavg_h=no
ac_cv_header_sys_stat_h=yes
ac_cv_header_sys_time_h=yes
ac_cv_header_sys_types_h=yes
ac_cv_header_time=yes
ac_cv_header_unistd_h=yes
ac_cv_host=x86_64-unknown-linux-gnu
ac_cv_objext=o
ac_cv_path_EGREP='/bin/grep -E'
ac_cv_path_FGREP='/bin/grep -F'
ac_cv_path_GREP=/bin/grep
ac_cv_path_PERL=/usr/bin/perl
ac_cv_path_SED=/bin/sed
ac_cv_path_install='/usr/bin/install -c'
ac_cv_path_mkdir=/bin/mkdir
ac_cv_prog_AWK=gawk
ac_cv_prog_CPP='gcc -E'
ac_cv_prog_MAKEINFO='${SHELL} /home/ppenna/Documents/Projects/libgomp/src/missing --run makeinfo'
ac_cv_prog_ac_ct_AR=ar
ac_cv_prog_ac_ct_CC=gcc
ac_cv_prog_ac_ct_OBJDUMP=objdump
ac_cv_prog_ac_ct_RANLIB=ranlib
ac_cv_prog_ac_ct_STRIP=strip
ac_cv_prog_cc_c89=
ac_cv_prog_cc_g=yes
ac_cv_prog_fc_g=no
ac_cv_prog_make_make_set=yes
ac_cv_target=x86_64-unknown-linux-gnu
ac_cv_type_int_fast32_t=yes
ac_cv_type_int_least32_t=yes
ac_cv_type_u_int64_t=no
ac_cv_type_uint64_t=yes
ac_cv_type_uintmax_t=yes
ac_cv_type_uintptr_t=yes
acx_cv_header_stdint=stdint.h
acx_cv_header_stdint_kind='(already complete)'
am_cv_CC_dependencies_compiler_type=gcc3
gcc_cv_have_tls=yes
gcc_cv_header_string=yes
gcc_cv_prog_makeinfo_modern=yes
libgomp_cv_have_as_symver_directive=yes
libgomp_cv_have_attribute_alias=yes
libgomp_cv_have_attribute_dllexport=no
libgomp_cv_have_attribute_visibility=yes
libgomp_cv_have_sync_builtins=yes
lt_cv_archive_cmds_need_lc=no
lt_cv_deplibs_check_method=pass_all
lt_cv_file_magic_cmd='$MAGIC_CMD'
lt_cv_file_magic_test_file=
lt_cv_ld_reload_flag=-r
lt_cv_nm_interface='BSD nm'
lt_cv_objdir=.libs
lt_cv_path_LD=/usr/bin/ld
lt_cv_path_NM='/usr/bin/nm -B'
lt_cv_prog_compiler_c_o=yes
lt_cv_prog_compiler_pic_works=yes
lt_cv_prog_compiler_rtti_exceptions=no
lt_cv_prog_compiler_static_works=yes
lt_cv_prog_gnu_ld=yes
lt_cv_shlibpath_overrides_runpath=no
lt_cv_sys_global_symbol_pipe='sed -n -e '\''s/^.*[	 ]\([ABCDGIRSTW][ABCDGIRSTW]*\)[	 ][	 ]*\([_A-Za-z][_A-Za-z0-9]*\)$/\1 \2 \2/p'\'''
lt_cv_sys_global_symbol_to_c_name_address='sed -n -e '\''s/^: \([^ ]*\) $/  {\"\1\", (void *) 0},/p'\'' -e '\''s/^[ABCDGIRSTW]* \([^ ]*\) \([^ ]*\)$/  {"\2", (void *) \&\2},/p'\'''
lt_cv_sys_global_symbol_to_c_name_address_lib_prefix='sed -n -e '\''s/^: \([^ ]*\) $/  {\"\1\", (void *) 0},/p'\'' -e '\''s/^[ABCDGIRSTW]* \([^ ]*\) \(lib[^ ]*\)$/  {"\2", (void *) \&\2},/p'\'' -e '\''s/^[ABCDGIRSTW]* \([^ ]*\) \([^ ]*\)$/  {"lib\2", (void *) \&\2},/p'\'''
lt_cv_sys_global_symbol_to_cdecl='sed -n -e '\''s/^T .* \(.*\)$/extern int \1();/p'\'' -e '\''s/^[ABCDGIRSTW]* .* \(.*\)$/extern char \1;/p'\'''
lt_cv_sys_max_cmd_len=1572864

## ----------------- ##
## Output variables. ##
## ----------------- ##

ACLOCAL='${SHELL} /home/ppenna/Documents/Projects/libgomp/src/missing --run aclocal-1.11'
AMDEPBACKSLASH='\'
AMDEP_FALSE='#'
AMDEP_TRUE=''
AMTAR='${SHELL} /home/ppenna/Documents/Projects/libgomp/src/missing --run tar'
AR='ar'
AUTOCONF='${SHELL} /home/ppenna/Documents/Projects/libgomp/src/missing --run autoconf'
AUTOHEADER='${SHELL} /home/ppenna/Documents/Projects/libgomp/src/missing --run autoheader'
AUTOMAKE='${SHELL} /home/ppenna/Documents/Projects/libgomp/src/missing --run automake-1.11'
AWK='gawk'
BUILD_INFO_FALSE='#'
BUILD_INFO_TRUE=''
CC='gcc'
CCDEPMODE='depmode=gcc3'
CFLAGS='-g -O2 -pthread'
CPP='gcc -E'
CPPFLAGS=''
CYGPATH_W='echo'
DEFS='-DHAVE_CONFIG_H'
DEPDIR='.deps'
DSYMUTIL=''
DUMPBIN=''
ECHO_C=''
ECHO_N='-n'
ECHO_T=''
EGREP='/bin/grep -E'
EXEEXT=''
FC='no'
FCFLAGS=' -L. -Wall -L../libgfortran'
FGREP='/bin/grep -F'
GENINSRC_FALSE=''
GENINSRC_TRUE='#'
GREP='/bin/grep'
INSTALL_DATA='${INSTALL} -m 644'
INSTALL_PROGRAM='${INSTALL}'
INSTALL_SCRIPT='${INSTALL}'
INSTALL_STRIP_PROGRAM='$(install_sh) -c -s'
LD='/usr/bin/ld'
LDFLAGS=''
LIBGOMP_BUILD_VERSIONED_SHLIB_FALSE='#'
LIBGOMP_BUILD_VERSIONED_SHLIB_GNU_FALSE='#'
LIBGOMP_BUILD_VERSIONED_SHLIB_GNU_TRUE=''
LIBGOMP_BUILD_VERSIONED_SHLIB_SUN_FALSE=''
LIBGOMP_BUILD_VERSIONED_SHLIB_SUN_TRUE='#'
LIBGOMP_BUILD_VERSIONED_SHLIB_TRUE=''
LIBOBJS=''
LIBS=''
LIBTOOL='$(SHELL) $(top_builddir)/libtool'
LIPO=''
LN_S='ln -s'
LTLIBOBJS=''
MAINT='#'
MAINTAINER_MODE_FALSE=''
MAINTAINER_MODE_TRUE='#'
MAKEINFO='${SHELL} /home/ppenna/Documents/Projects/libgomp/src/missing --run makeinfo'
MKDIR_P='/bin/mkdir -p'
NM='/usr/bin/nm -B'
NMEDIT=''
OBJDUMP='objdump'
OBJEXT='o'
OMP_LOCK_25_ALIGN='4'
OMP_LOCK_25_KIND='4'
OMP_LOCK_25_SIZE='4'
OMP_LOCK_ALIGN='4'
OMP_LOCK_KIND='4'
OMP_LOCK_SIZE='4'
OMP_NEST_LOCK_25_ALIGN='4'
OMP_NEST_LOCK_25_KIND='8'
OMP_NEST_LOCK_25_SIZE='8'
OMP_NEST_LOCK_ALIGN='8'
OMP_NEST_LOCK_KIND='8'
OMP_NEST_LOCK_SIZE='16'
OPT_LDFLAGS='-Wl,-O1 '
OTOOL64=''
OTOOL=''
PACKAGE='libgomp'
PACKAGE_BUGREPORT=''
PACKAGE_NAME='GNU OpenMP Runtime Library'
PACKAGE_STRING='GNU OpenMP Runtime Library 1.0'
PACKAGE_TARNAME='libgomp'
PACKAGE_URL='http://www.gnu.org/software/libgomp/'
PACKAGE_VERSION='1.0'
PATH_SEPARATOR=':'
PERL='/usr/bin/perl'
RANLIB='ranlib'
SECTION_LDFLAGS=''
SED='/bin/sed'
SET_MAKE=''
SHELL='/bin/bash'
STRIP='strip'
USE_FORTRAN_FALSE=''
USE_FORTRAN_TRUE='#'
VERSION='1.0'
XCFLAGS=' -Wall -Werror -ftls-model=initial-exec -Wc,-pthread'
XLDFLAGS=''
ac_ct_CC='gcc'
ac_ct_DUMPBIN=''
ac_ct_FC=''
am__EXEEXT_FALSE=''
am__EXEEXT_TRUE='#'
am__fastdepCC_FALSE='#'
am__fastdepCC_TRUE=''
am__include='include'
am__isrc=' -I$(srcdir)'
am__leading_dot='.'
am__quote=''
am__tar='${AMTAR} chof - "$$tardir"'
am__untar='${AMTAR} xf -'
bindir='${exec_prefix}/bin'
build='x86_64-unknown-linux-gnu'
build_alias=''
build_cpu='x86_64'
build_os='linux-gnu'
build_vendor='unknown'
config_path='linux/x86 linux posix'
datadir='${datarootdir}'
datarootdir='${prefix}/share'
docdir='${datarootdir}/doc/${PACKAGE_TARNAME}'
dvidir='${docdir}'
enable_shared='yes'
enable_static='yes'
exec_prefix='${prefix}'
host='x86_64-unknown-linux-gnu'
host_alias=''
host_cpu='x86_64'
host_os='linux-gnu'
host_vendor='unknown'
htmldir='${docdir}'
includedir='${prefix}/include'
infodir='${datarootdir}/info'
install_sh='${SHELL} /home/ppenna/Documents/Projects/libgomp/src/install-sh'
libdir='${exec_prefix}/lib'
libexecdir='${exec_prefix}/libexec'
libtool_VERSION='1:0:0'
link_gomp='-lgomp %{static: }'
localedir='${datarootdir}/locale'
localstatedir='${prefix}/var'
lt_host_flags=''
mandir='${datarootdir}/man'
mkdir_p='/bin/mkdir -p'
multi_basedir='../..'
oldincludedir='/usr/include'
pdfdir='${docdir}'
prefix='/usr/local'
program_transform_name='s,x,x,'
psdir='${docdir}'
sbindir='${exec_prefix}/sbin'
sharedstatedir='${prefix}/com'
sysconfdir='${prefix}/etc'
target='x86_64-unknown-linux-gnu'
target_alias=''
target_cpu='x86_64'
target_os='linux-gnu'
target_vendor='unknown'
toolexecdir='$(libdir)/gcc-lib/$(target_alias)'
toolexeclibdir='$(libdir)/'

## ----------- ##
## confdefs.h. ##
## ----------- ##

/* confdefs.h */
#define PACKAGE_NAME "GNU OpenMP Runtime Library"
#define PACKAGE_TARNAME "libgomp"
#define PACKAGE_VERSION "1.0"
#define PACKAGE_STRING "GNU OpenMP Runtime Library 1.0"
#define PACKAGE_BUGREPORT ""
#define PACKAGE_URL "http://www.gnu.org/software/libgomp/"
#define PACKAGE "libgomp"
#define VERSION "1.0"
#define STDC_HEADERS 1
#define HAVE_SYS_TYPES_H 1
#define HAVE_SYS_STAT_H 1
#define HAVE_STDLIB_H 1
#define HAVE_STRING_H 1
#define HAVE_MEMORY_H 1
#define HAVE_STRINGS_H 1
#define HAVE_INTTYPES_H 1
#define HAVE_STDINT_H 1
#define HAVE_UNISTD_H 1
#define HAVE_DLFCN_H 1
#define LT_OBJDIR ".libs/"
#define STDC_HEADERS 1
#define TIME_WITH_SYS_TIME 1
#define STRING_WITH_STRINGS 1
#define HAVE_UNISTD_H 1
#define HAVE_SEMAPHORE_H 1
#define HAVE_SYS_TIME_H 1
#define HAVE_SYS_TIME_H 1
#define HAVE_GETLOADAVG 1
#define HAVE_CLOCK_GETTIME 1
#define HAVE_STRTOULL 1
#define HAVE_PTHREAD_AFFINITY_NP 1
#define HAVE_TLS 1
#define HAVE_ATTRIBUTE_VISIBILITY 1
#define HAVE_ATTRIBUTE_ALIAS 1
#define HAVE_AS_SYMVER_DIRECTIVE 1
#define HAVE_SYMVER_SYMBOL_RENAMING_RUNTIME_SUPPORT 1
#define LIBGOMP_GNU_SYMBOL_VERSIONING 1
#define HAVE_SYNC_BUILTINS 1

configure: exit 0

## ---------------------- ##
## Running config.status. ##
## ---------------------- ##

This file was extended by GNU OpenMP Runtime Library config.status 1.0, which was
generated by GNU Autoconf 2.64.  Invocation command line was

  CONFIG_FILES    = 
  CONFIG_HEADERS  = 
  CONFIG_LINKS    = 
  CONFIG_COMMANDS = 
  $ ./config.status 

on ironforge

config.status:1226: creating omp.h
config.status:1226: creating omp_lib.h
config.status:1226: creating omp_lib.f90
config.status:1226: creating libgomp_f.h
config.status:1226: creating Makefile
config.status:1226: creating testsuite/Makefile
config.status:1226: creating libgomp.spec
config.status:1226: creating config.h
config.status:1391: config.h is unchanged
config.status:1439: executing default-1 commands
config.status:1439: executing depfiles commands
config.status:1439: executing libtool commands
config.status:1439: executing gstdint.h commands
